.build/vector/outputs/logs/manifest-merger-app-debug-report.txt
-- Merging decision tree log ---
provider#android.support.v4.content.FileProvider
INJECTED from src\main\AndroidManifest.xml:382:9-390:20
	android:authorities
		INJECTED from src\main\AndroidManifest.xml
provider#ms.messageapp.db.VectorContentProvider
INJECTED from src\main\AndroidManifest.xml:476:9-479:39
	android:authorities
		INJECTED from src\main\AndroidManifest.xml
manifest
ADDED from src\main\AndroidManifest.xml:2:1-482:12
INJECTED from src\main\AndroidManifest.xml:2:1-482:12
INJECTED from src\main\AndroidManifest.xml:2:1-482:12
INJECTED from src\main\AndroidManifest.xml:2:1-482:12
MERGED from src\app\AndroidManifest.xml:2:1-19:12
MERGED from src\main\AndroidManifest.xml:2:1-482:12
MERGED from [io.realm:realm-android-library:5.8.0] AndroidManifest.xml:2:1-10:12
MERGED from [io.realm:realm-android-kotlin-extensions:5.8.0] AndroidManifest.xml:2:1-10:12
MERGED from [com.google.firebase:firebase-core:16.0.4] AndroidManifest.xml:2:1-9:12
MERGED from [com.google.firebase:firebase-messaging:17.3.4] AndroidManifest.xml:17:1-37:12
MERGED from [androidx.core:core-ktx:0.3] AndroidManifest.xml:2:1-7:12
MERGED from [org.jetbrains.anko:anko-commons:0.10.8] AndroidManifest.xml:2:1-13:12
MERGED from [com.android.support:multidex:1.0.0] AndroidManifest.xml:16:1-19:12
MERGED from [me.leolin:ShortcutBadger:1.1.2] AndroidManifest.xml:2:1-35:12
MERGED from [com.airbnb.android:epoxy:2.19.0] AndroidManifest.xml:2:1-11:12
MERGED from [com.android.support:design:27.1.1] AndroidManifest.xml:17:1-22:12
MERGED from [com.android.support:preference-v14:27.1.1] AndroidManifest.xml:17:1-22:12
MERGED from [com.android.support:preference-v7:27.1.1] AndroidManifest.xml:17:1-22:12
MERGED from [com.github.chrisbanes:PhotoView:2.1.4] AndroidManifest.xml:2:1-11:12
MERGED from [com.android.support:appcompat-v7:27.1.1] AndroidManifest.xml:17:1-22:12
MERGED from [com.android.support:cardview-v7:27.1.1] AndroidManifest.xml:17:1-22:12
MERGED from [com.android.support:recyclerview-v7:27.1.1] AndroidManifest.xml:17:1-22:12
MERGED from [com.jakewharton:butterknife:8.5.1] AndroidManifest.xml:2:1-7:12
MERGED from [android.arch.lifecycle:extensions:1.1.1] AndroidManifest.xml:17:1-30:12
MERGED from [com.google.firebase:firebase-measurement-connector-impl:17.0.2] AndroidManifest.xml:17:1-34:12
MERGED from [com.google.firebase:firebase-analytics:16.0.4] AndroidManifest.xml:17:1-55:12
MERGED from [com.google.android.gms:play-services-measurement-api:16.0.2] AndroidManifest.xml:17:1-25:12
MERGED from [com.google.firebase:firebase-analytics-impl:16.2.2] AndroidManifest.xml:17:1-40:12
MERGED from [com.google.firebase:firebase-iid:17.0.4] AndroidManifest.xml:17:1-59:12
MERGED from [com.google.firebase:firebase-common:16.0.3] AndroidManifest.xml:2:1-17:12
MERGED from [com.google.firebase:firebase-iid-interop:16.0.1] AndroidManifest.xml:2:1-10:12
MERGED from [com.google.android.gms:play-services-base:16.0.1] AndroidManifest.xml:17:1-29:12
MERGED from [com.google.android.gms:play-services-tasks:16.0.1] AndroidManifest.xml:2:1-9:12
MERGED from [com.google.firebase:firebase-measurement-connector:17.0.1] AndroidManifest.xml:17:1-25:12
MERGED from [com.google.android.gms:play-services-stats:16.0.1] AndroidManifest.xml:2:1-9:12
MERGED from [com.google.android.gms:play-services-ads-identifier:16.0.0] AndroidManifest.xml:17:1-24:12
MERGED from [com.google.android.gms:play-services-basement:16.0.1] AndroidManifest.xml:17:1-28:12
MERGED from [com.android.support:support-v4:27.1.1] AndroidManifest.xml:17:1-22:12
MERGED from [com.android.volley:volley:1.1.0] AndroidManifest.xml:2:1-11:12
MERGED from [com.android.support.constraint:constraint-layout:1.1.0] AndroidManifest.xml:2:1-11:12
MERGED from [com.getbase:floatingactionbutton:1.10.1] AndroidManifest.xml:2:1-14:12
MERGED from [com.binaryfork:spanny:1.0.4] AndroidManifest.xml:2:1-11:12
MERGED from [com.facebook.stetho:stetho-okhttp3:1.5.0] AndroidManifest.xml:2:1-13:12
MERGED from [com.facebook.fresco:imagepipeline-okhttp3:1.3.0] AndroidManifest.xml:2:1-9:12
MERGED from [com.facebook.stetho:stetho:1.5.0] AndroidManifest.xml:2:1-13:12
MERGED from [com.github.bumptech.glide:glide:4.7.1] AndroidManifest.xml:2:1-13:12
MERGED from [:matrix-sdk:] AndroidManifest.xml:2:1-32:12
MERGED from [:olm-sdk:] AndroidManifest.xml:2:1-16:12
MERGED from [com.facebook.fbui.textlayoutbuilder:textlayoutbuilder:1.0.0] AndroidManifest.xml:10:1-18:12
MERGED from [com.facebook.fresco:fresco:1.3.0] AndroidManifest.xml:2:1-9:12
MERGED from [com.facebook.soloader:soloader:0.1.0] AndroidManifest.xml:1:1-4:12
MERGED from [org.webkit:android-jsc:r174650] AndroidManifest.xml:1:1-3:12
MERGED from [:jitsi-sdk:] AndroidManifest.xml:2:1-36:12
MERGED from [:react-native-background-timer:] AndroidManifest.xml:2:1-11:12
MERGED from [:react-native-fetch-blob:] AndroidManifest.xml:2:1-14:12
MERGED from [:react-native-immersive:] AndroidManifest.xml:2:1-11:12
MERGED from [:react-native-keep-awake:] AndroidManifest.xml:2:1-11:12
MERGED from [:react-native-vector-icons:] AndroidManifest.xml:2:1-11:12
MERGED from [:react-native-webrtc:] AndroidManifest.xml:2:1-11:12
MERGED from [:react-native:] AndroidManifest.xml:2:1-15:12
MERGED from [:react-native-locale-detector:] AndroidManifest.xml:2:1-11:12
MERGED from [org.piwik.sdk:piwik-sdk:2.0.0] AndroidManifest.xml:2:1-28:12
MERGED from [com.marcinmoskala.activitystarter:activitystarter-kotlin:1.11-beta] AndroidManifest.xml:2:1-8:12
MERGED from [com.getkeepsafe.relinker:relinker:1.3.0] AndroidManifest.xml:2:1-7:12
MERGED from [org.jetbrains.anko:commons-base:0.10.8] AndroidManifest.xml:2:1-11:12
MERGED from [com.android.support:support-fragment:27.1.1] AndroidManifest.xml:17:1-22:12
MERGED from [com.android.support:animated-vector-drawable:27.1.1] AndroidManifest.xml:17:1-22:12
MERGED from [com.android.support:support-core-ui:27.1.1] AndroidManifest.xml:17:1-22:12
MERGED from [com.android.support:support-core-utils:27.1.1] AndroidManifest.xml:17:1-22:12
MERGED from [com.android.support:support-vector-drawable:27.1.1] AndroidManifest.xml:17:1-22:12
MERGED from [com.android.support:transition:27.1.1] AndroidManifest.xml:17:1-22:12
MERGED from [com.android.support:support-media-compat:27.1.1] AndroidManifest.xml:17:1-22:12
MERGED from [com.android.support:support-compat:27.1.1] AndroidManifest.xml:17:1-22:12
MERGED from [android.arch.lifecycle:runtime:1.1.1] AndroidManifest.xml:17:1-22:12
MERGED from [android.arch.lifecycle:livedata:1.1.1] AndroidManifest.xml:17:1-22:12
MERGED from [android.arch.lifecycle:livedata-core:1.1.1] AndroidManifest.xml:17:1-22:12
MERGED from [android.arch.core:runtime:1.1.1] AndroidManifest.xml:17:1-22:12
MERGED from [android.arch.lifecycle:viewmodel:1.1.1] AndroidManifest.xml:17:1-22:12
MERGED from [com.github.bumptech.glide:gifdecoder:4.7.1] AndroidManifest.xml:2:1-11:12
MERGED from [com.facebook.fresco:drawee:1.3.0] AndroidManifest.xml:2:1-9:12
MERGED from [com.facebook.fresco:imagepipeline:1.3.0] AndroidManifest.xml:2:1-9:12
MERGED from [com.facebook.fresco:imagepipeline-base:1.3.0] AndroidManifest.xml:2:1-9:12
MERGED from [com.facebook.fresco:fbcore:1.3.0] AndroidManifest.xml:2:1-9:12
MERGED from [com.jakewharton.timber:timber:4.5.1] AndroidManifest.xml:2:1-10:12
MERGED from [com.google.android.gms:play-services-measurement-base:16.0.3] AndroidManifest.xml:2:1-9:12
INJECTED from src\debug\AndroidManifest.xml:2:1-8:12
INJECTED from src\debug\AndroidManifest.xml:2:1-8:12
INJECTED from src\debug\AndroidManifest.xml:2:1-8:12
	package
		ADDED from src\main\AndroidManifest.xml:4:5-28
		INJECTED from src\main\AndroidManifest.xml
		INJECTED from src\debug\AndroidManifest.xml
	android:versionName
		INJECTED from src\main\AndroidManifest.xml
		ADDED from src\main\AndroidManifest.xml:2:1-482:12
		INJECTED from src\debug\AndroidManifest.xml
	xmlns:tools
		ADDED from src\main\AndroidManifest.xml:3:5-51
		ADDED from src\main\AndroidManifest.xml:3:5-51
	android:versionCode
		INJECTED from src\main\AndroidManifest.xml
		ADDED from src\main\AndroidManifest.xml:2:1-482:12
		INJECTED from src\debug\AndroidManifest.xml
	xmlns:android
		ADDED from src\main\AndroidManifest.xml:2:11-69
	android:installLocation
		ADDED from src\main\AndroidManifest.xml:5:5-35
		ADDED from src\main\AndroidManifest.xml:5:5-35
uses-permission#android.permission.INTERNET
ADDED from src\main\AndroidManifest.xml:7:5-67
MERGED from [com.google.firebase:firebase-measurement-connector-impl:17.0.2] AndroidManifest.xml:22:5-67
MERGED from [com.google.firebase:firebase-measurement-connector-impl:17.0.2] AndroidManifest.xml:22:5-67
MERGED from [com.google.firebase:firebase-analytics:16.0.4] AndroidManifest.xml:23:5-67
MERGED from [com.google.firebase:firebase-analytics:16.0.4] AndroidManifest.xml:23:5-67
MERGED from [com.google.firebase:firebase-analytics-impl:16.2.2] AndroidManifest.xml:23:5-67
MERGED from [com.google.firebase:firebase-analytics-impl:16.2.2] AndroidManifest.xml:23:5-67
MERGED from [com.google.firebase:firebase-iid:17.0.4] AndroidManifest.xml:23:5-67
MERGED from [com.google.firebase:firebase-iid:17.0.4] AndroidManifest.xml:23:5-67
MERGED from [:matrix-sdk:] AndroidManifest.xml:13:5-67
MERGED from [:matrix-sdk:] AndroidManifest.xml:13:5-67
MERGED from [:jitsi-sdk:] AndroidManifest.xml:12:5-67
MERGED from [:jitsi-sdk:] AndroidManifest.xml:12:5-67
MERGED from [org.piwik.sdk:piwik-sdk:2.0.0] AndroidManifest.xml:12:5-67
MERGED from [org.piwik.sdk:piwik-sdk:2.0.0] AndroidManifest.xml:12:5-67
	android:name
		ADDED from src\main\AndroidManifest.xml:7:22-64
uses-permission#android.permission.VIBRATE
ADDED from src\main\AndroidManifest.xml:8:5-66
MERGED from [:matrix-sdk:] AndroidManifest.xml:14:5-66
MERGED from [:matrix-sdk:] AndroidManifest.xml:14:5-66
	android:name
		ADDED from src\main\AndroidManifest.xml:8:22-63
uses-permission#android.permission.READ_EXTERNAL_STORAGE
ADDED from src\main\AndroidManifest.xml:9:5-80
MERGED from [:matrix-sdk:] AndroidManifest.xml:15:5-80
MERGED from [:matrix-sdk:] AndroidManifest.xml:15:5-80
	android:name
		ADDED from src\main\AndroidManifest.xml:9:22-77
uses-permission#android.permission.READ_CONTACTS
ADDED from src\main\AndroidManifest.xml:10:5-72
MERGED from [:matrix-sdk:] AndroidManifest.xml:16:5-72
MERGED from [:matrix-sdk:] AndroidManifest.xml:16:5-72
	android:name
		ADDED from src\main\AndroidManifest.xml:10:22-69
uses-permission#android.permission.WRITE_EXTERNAL_STORAGE
ADDED from src\main\AndroidManifest.xml:11:5-81
MERGED from [:matrix-sdk:] AndroidManifest.xml:17:5-81
MERGED from [:matrix-sdk:] AndroidManifest.xml:17:5-81
	android:name
		ADDED from src\main\AndroidManifest.xml:11:22-78
uses-permission#android.permission.ACCESS_NETWORK_STATE
ADDED from src\main\AndroidManifest.xml:12:5-79
MERGED from [com.google.firebase:firebase-measurement-connector-impl:17.0.2] AndroidManifest.xml:23:5-79
MERGED from [com.google.firebase:firebase-measurement-connector-impl:17.0.2] AndroidManifest.xml:23:5-79
MERGED from [com.google.firebase:firebase-analytics:16.0.4] AndroidManifest.xml:24:5-79
MERGED from [com.google.firebase:firebase-analytics:16.0.4] AndroidManifest.xml:24:5-79
MERGED from [com.google.firebase:firebase-analytics-impl:16.2.2] AndroidManifest.xml:24:5-79
MERGED from [com.google.firebase:firebase-analytics-impl:16.2.2] AndroidManifest.xml:24:5-79
MERGED from [com.google.firebase:firebase-iid:17.0.4] AndroidManifest.xml:22:5-79
MERGED from [com.google.firebase:firebase-iid:17.0.4] AndroidManifest.xml:22:5-79
MERGED from [:matrix-sdk:] AndroidManifest.xml:12:5-79
MERGED from [:matrix-sdk:] AndroidManifest.xml:12:5-79
MERGED from [:jitsi-sdk:] AndroidManifest.xml:9:5-79
MERGED from [:jitsi-sdk:] AndroidManifest.xml:9:5-79
MERGED from [org.piwik.sdk:piwik-sdk:2.0.0] AndroidManifest.xml:13:5-79
MERGED from [org.piwik.sdk:piwik-sdk:2.0.0] AndroidManifest.xml:13:5-79
	android:name
		ADDED from src\main\AndroidManifest.xml:12:22-76
uses-permission#android.permission.READ_LOGS
ADDED from src\main\AndroidManifest.xml:13:5-15:47
MERGED from [:matrix-sdk:] AndroidManifest.xml:18:5-20:47
MERGED from [:matrix-sdk:] AndroidManifest.xml:18:5-20:47
	tools:ignore
		ADDED from src\main\AndroidManifest.xml:15:9-44
	android:name
		ADDED from src\main\AndroidManifest.xml:14:9-52
uses-permission#android.permission.REORDER_TASKS
ADDED from src\main\AndroidManifest.xml:16:5-72
MERGED from [:matrix-sdk:] AndroidManifest.xml:21:5-72
MERGED from [:matrix-sdk:] AndroidManifest.xml:21:5-72
	android:name
		ADDED from src\main\AndroidManifest.xml:16:22-69
uses-permission#android.permission.GET_TASKS
ADDED from src\main\AndroidManifest.xml:17:5-68
	android:name
		ADDED from src\main\AndroidManifest.xml:17:22-65
uses-permission#android.permission.CAMERA
ADDED from src\main\AndroidManifest.xml:18:5-65
MERGED from [:jitsi-sdk:] AndroidManifest.xml:11:5-65
MERGED from [:jitsi-sdk:] AndroidManifest.xml:11:5-65
	android:name
		ADDED from src\main\AndroidManifest.xml:18:22-62
uses-permission#android.permission.RECORD_AUDIO
ADDED from src\main\AndroidManifest.xml:19:5-71
MERGED from [:jitsi-sdk:] AndroidManifest.xml:14:5-71
MERGED from [:jitsi-sdk:] AndroidManifest.xml:14:5-71
	android:name
		ADDED from src\main\AndroidManifest.xml:19:22-68
uses-permission#android.permission.MODIFY_AUDIO_SETTINGS
ADDED from src\main\AndroidManifest.xml:20:5-80
MERGED from [:jitsi-sdk:] AndroidManifest.xml:13:5-80
MERGED from [:jitsi-sdk:] AndroidManifest.xml:13:5-80
	android:name
		ADDED from src\main\AndroidManifest.xml:20:22-77
uses-permission#android.permission.WRITE_SETTINGS
ADDED from src\main\AndroidManifest.xml:21:5-23:47
	tools:ignore
		ADDED from src\main\AndroidManifest.xml:23:9-44
	android:name
		ADDED from src\main\AndroidManifest.xml:22:9-57
uses-permission#android.permission.CHANGE_NETWORK_STATE
ADDED from src\main\AndroidManifest.xml:24:5-79
	android:name
		ADDED from src\main\AndroidManifest.xml:24:22-76
uses-permission#android.permission.MANAGE_DOCUMENTS
ADDED from src\main\AndroidManifest.xml:25:5-27:47
	tools:ignore
		ADDED from src\main\AndroidManifest.xml:27:9-44
	android:name
		ADDED from src\main\AndroidManifest.xml:26:9-59
uses-permission#android.permission.WAKE_LOCK
ADDED from src\main\AndroidManifest.xml:28:5-68
MERGED from [com.google.firebase:firebase-measurement-connector-impl:17.0.2] AndroidManifest.xml:24:5-68
MERGED from [com.google.firebase:firebase-measurement-connector-impl:17.0.2] AndroidManifest.xml:24:5-68
MERGED from [com.google.firebase:firebase-analytics:16.0.4] AndroidManifest.xml:25:5-68
MERGED from [com.google.firebase:firebase-analytics:16.0.4] AndroidManifest.xml:25:5-68
MERGED from [com.google.firebase:firebase-analytics-impl:16.2.2] AndroidManifest.xml:25:5-68
MERGED from [com.google.firebase:firebase-analytics-impl:16.2.2] AndroidManifest.xml:25:5-68
MERGED from [com.google.firebase:firebase-iid:17.0.4] AndroidManifest.xml:24:5-68
MERGED from [com.google.firebase:firebase-iid:17.0.4] AndroidManifest.xml:24:5-68
MERGED from [:jitsi-sdk:] AndroidManifest.xml:16:5-68
MERGED from [:jitsi-sdk:] AndroidManifest.xml:16:5-68
	android:name
		ADDED from src\main\AndroidManifest.xml:28:22-65
uses-permission#android.permission.RECEIVE_BOOT_COMPLETED
ADDED from src\main\AndroidManifest.xml:29:5-81
	android:name
		ADDED from src\main\AndroidManifest.xml:29:22-78
uses-permission#android.permission.REQUEST_IGNORE_BATTERY_OPTIMIZATIONS
ADDED from src\main\AndroidManifest.xml:30:5-95
	android:name
		ADDED from src\main\AndroidManifest.xml:30:22-92
uses-feature#android.hardware.camera
ADDED from src\main\AndroidManifest.xml:32:5-35:36
MERGED from [:jitsi-sdk:] AndroidManifest.xml:22:5-24:36
MERGED from [:jitsi-sdk:] AndroidManifest.xml:22:5-24:36
	android:required
		ADDED from src\main\AndroidManifest.xml:34:9-33
		REJECTED from [:jitsi-sdk:] AndroidManifest.xml:24:9-33
	tools:replace
		ADDED from src\main\AndroidManifest.xml:35:9-33
	android:name
		ADDED from src\main\AndroidManifest.xml:33:9-47
uses-feature#android.hardware.camera.any
ADDED from src\main\AndroidManifest.xml:36:5-39:36
	android:required
		ADDED from src\main\AndroidManifest.xml:38:9-33
	tools:replace
		ADDED from src\main\AndroidManifest.xml:39:9-33
	android:name
		ADDED from src\main\AndroidManifest.xml:37:9-51
uses-feature#android.hardware.camera.autofocus
ADDED from src\main\AndroidManifest.xml:40:5-43:36
MERGED from [:jitsi-sdk:] AndroidManifest.xml:25:5-27:36
MERGED from [:jitsi-sdk:] AndroidManifest.xml:25:5-27:36
	android:required
		ADDED from src\main\AndroidManifest.xml:42:9-33
		REJECTED from [:jitsi-sdk:] AndroidManifest.xml:27:9-33
	tools:replace
		ADDED from src\main\AndroidManifest.xml:43:9-33
	android:name
		ADDED from src\main\AndroidManifest.xml:41:9-57
uses-feature#0x00020000
ADDED from src\main\AndroidManifest.xml:44:5-47:36
MERGED from [:jitsi-sdk:] AndroidManifest.xml:19:5-21:35
MERGED from [:jitsi-sdk:] AndroidManifest.xml:19:5-21:35
	android:glEsVersion
		ADDED from src\main\AndroidManifest.xml:45:9-41
	android:required
		ADDED from src\main\AndroidManifest.xml:46:9-33
		REJECTED from [:jitsi-sdk:] AndroidManifest.xml:21:9-32
	tools:replace
		ADDED from src\main\AndroidManifest.xml:47:9-33
uses-feature#android.hardware.microphone
ADDED from src\main\AndroidManifest.xml:48:5-51:36
	android:required
		ADDED from src\main\AndroidManifest.xml:50:9-33
	tools:replace
		ADDED from src\main\AndroidManifest.xml:51:9-33
	android:name
		ADDED from src\main\AndroidManifest.xml:49:9-51
uses-permission#com.sec.android.provider.badge.permission.READ
ADDED from src\main\AndroidManifest.xml:53:5-86
MERGED from [me.leolin:ShortcutBadger:1.1.2] AndroidManifest.xml:19:5-86
MERGED from [me.leolin:ShortcutBadger:1.1.2] AndroidManifest.xml:19:5-86
	android:name
		ADDED from src\main\AndroidManifest.xml:53:22-83
uses-permission#com.sec.android.provider.badge.permission.WRITE
ADDED from src\main\AndroidManifest.xml:54:5-87
MERGED from [me.leolin:ShortcutBadger:1.1.2] AndroidManifest.xml:20:5-87
MERGED from [me.leolin:ShortcutBadger:1.1.2] AndroidManifest.xml:20:5-87
	android:name
		ADDED from src\main\AndroidManifest.xml:54:22-84
uses-permission#com.htc.launcher.permission.READ_SETTINGS
ADDED from src\main\AndroidManifest.xml:55:5-81
MERGED from [me.leolin:ShortcutBadger:1.1.2] AndroidManifest.xml:23:5-81
MERGED from [me.leolin:ShortcutBadger:1.1.2] AndroidManifest.xml:23:5-81
	android:name
		ADDED from src\main\AndroidManifest.xml:55:22-78
uses-permission#com.htc.launcher.permission.UPDATE_SHORTCUT
ADDED from src\main\AndroidManifest.xml:56:5-83
MERGED from [me.leolin:ShortcutBadger:1.1.2] AndroidManifest.xml:24:5-83
MERGED from [me.leolin:ShortcutBadger:1.1.2] AndroidManifest.xml:24:5-83
	android:name
		ADDED from src\main\AndroidManifest.xml:56:22-80
uses-permission#com.sonyericsson.home.permission.BROADCAST_BADGE
ADDED from src\main\AndroidManifest.xml:57:5-88
MERGED from [me.leolin:ShortcutBadger:1.1.2] AndroidManifest.xml:27:5-88
MERGED from [me.leolin:ShortcutBadger:1.1.2] AndroidManifest.xml:27:5-88
	android:name
		ADDED from src\main\AndroidManifest.xml:57:22-85
uses-permission#com.sonymobile.home.permission.PROVIDER_INSERT_BADGE
ADDED from src\main\AndroidManifest.xml:58:5-92
	android:name
		ADDED from src\main\AndroidManifest.xml:58:22-89
uses-permission#com.anddoes.launcher.permission.UPDATE_COUNT
ADDED from src\main\AndroidManifest.xml:59:5-84
MERGED from [me.leolin:ShortcutBadger:1.1.2] AndroidManifest.xml:30:5-84
MERGED from [me.leolin:ShortcutBadger:1.1.2] AndroidManifest.xml:30:5-84
	android:name
		ADDED from src\main\AndroidManifest.xml:59:22-81
uses-permission#com.majeur.launcher.permission.UPDATE_BADGE
ADDED from src\main\AndroidManifest.xml:60:5-83
MERGED from [me.leolin:ShortcutBadger:1.1.2] AndroidManifest.xml:33:5-83
MERGED from [me.leolin:ShortcutBadger:1.1.2] AndroidManifest.xml:33:5-83
	android:name
		ADDED from src\main\AndroidManifest.xml:60:22-80
uses-permission#com.huawei.android.launcher.permission.CHANGE_BADGE
ADDED from src\main\AndroidManifest.xml:61:5-91
	android:name
		ADDED from src\main\AndroidManifest.xml:61:22-88
uses-permission#com.huawei.android.launcher.permission.READ_SETTINGS
ADDED from src\main\AndroidManifest.xml:62:5-92
	android:name
		ADDED from src\main\AndroidManifest.xml:62:22-89
uses-permission#com.huawei.android.launcher.permission.WRITE_SETTINGS
ADDED from src\main\AndroidManifest.xml:63:5-93
	android:name
		ADDED from src\main\AndroidManifest.xml:63:22-90
uses-permission#android.permission.READ_APP_BADGE
ADDED from src\main\AndroidManifest.xml:64:5-73
	android:name
		ADDED from src\main\AndroidManifest.xml:64:22-70
uses-permission#com.oppo.launcher.permission.READ_SETTINGS
ADDED from src\main\AndroidManifest.xml:65:5-82
	android:name
		ADDED from src\main\AndroidManifest.xml:65:22-79
uses-permission#com.oppo.launcher.permission.WRITE_SETTINGS
ADDED from src\main\AndroidManifest.xml:66:5-83
	android:name
		ADDED from src\main\AndroidManifest.xml:66:22-80
uses-permission#me.everything.badger.permission.BADGE_COUNT_READ
ADDED from src\main\AndroidManifest.xml:67:5-88
	android:name
		ADDED from src\main\AndroidManifest.xml:67:22-85
uses-permission#me.everything.badger.permission.BADGE_COUNT_WRITE
ADDED from src\main\AndroidManifest.xml:68:5-89
	android:name
		ADDED from src\main\AndroidManifest.xml:68:22-86
uses-permission#android.permission.BLUETOOTH_ADMIN
ADDED from src\main\AndroidManifest.xml:69:5-74
MERGED from [:matrix-sdk:] AndroidManifest.xml:24:5-74
MERGED from [:matrix-sdk:] AndroidManifest.xml:24:5-74
	android:name
		ADDED from src\main\AndroidManifest.xml:69:22-71
uses-permission#android.permission.BLUETOOTH
ADDED from src\main\AndroidManifest.xml:70:5-68
MERGED from [:matrix-sdk:] AndroidManifest.xml:25:5-68
MERGED from [:matrix-sdk:] AndroidManifest.xml:25:5-68
MERGED from [:jitsi-sdk:] AndroidManifest.xml:10:5-68
MERGED from [:jitsi-sdk:] AndroidManifest.xml:10:5-68
	android:name
		ADDED from src\main\AndroidManifest.xml:70:22-65
uses-feature#android.hardware.bluetooth
ADDED from src\main\AndroidManifest.xml:72:5-75:36
	android:required
		ADDED from src\main\AndroidManifest.xml:74:9-33
	tools:replace
		ADDED from src\main\AndroidManifest.xml:75:9-33
	android:name
		ADDED from src\main\AndroidManifest.xml:73:9-50
uses-permission#android.permission.SYSTEM_ALERT_WINDOW
ADDED from src\main\AndroidManifest.xml:76:5-78
MERGED from [:jitsi-sdk:] AndroidManifest.xml:15:5-78
MERGED from [:jitsi-sdk:] AndroidManifest.xml:15:5-78
MERGED from [:react-native:] AndroidManifest.xml:11:5-78
MERGED from [:react-native:] AndroidManifest.xml:11:5-78
	android:name
		ADDED from src\main\AndroidManifest.xml:76:22-75
uses-feature#android.hardware.telephony
ADDED from src\main\AndroidManifest.xml:78:5-80:36
	android:required
		ADDED from src\main\AndroidManifest.xml:80:9-33
	android:name
		ADDED from src\main\AndroidManifest.xml:79:9-50
application
ADDED from src\main\AndroidManifest.xml:82:5-480:19
MERGED from src\app\AndroidManifest.xml:4:5-17:19
MERGED from src\app\AndroidManifest.xml:4:5-17:19
MERGED from src\main\AndroidManifest.xml:82:5-480:19
MERGED from src\main\AndroidManifest.xml:82:5-480:19
MERGED from [com.google.firebase:firebase-core:16.0.4] AndroidManifest.xml:7:5-20
MERGED from [com.google.firebase:firebase-core:16.0.4] AndroidManifest.xml:7:5-20
MERGED from [com.google.firebase:firebase-messaging:17.3.4] AndroidManifest.xml:22:5-35:19
MERGED from [com.google.firebase:firebase-messaging:17.3.4] AndroidManifest.xml:22:5-35:19
MERGED from [org.jetbrains.anko:anko-commons:0.10.8] AndroidManifest.xml:11:5-20
MERGED from [org.jetbrains.anko:anko-commons:0.10.8] AndroidManifest.xml:11:5-20
MERGED from [com.airbnb.android:epoxy:2.19.0] AndroidManifest.xml:9:5-20
MERGED from [com.airbnb.android:epoxy:2.19.0] AndroidManifest.xml:9:5-20
MERGED from [android.arch.lifecycle:extensions:1.1.1] AndroidManifest.xml:22:5-28:19
MERGED from [android.arch.lifecycle:extensions:1.1.1] AndroidManifest.xml:22:5-28:19
MERGED from [com.google.firebase:firebase-measurement-connector-impl:17.0.2] AndroidManifest.xml:26:5-32:19
MERGED from [com.google.firebase:firebase-measurement-connector-impl:17.0.2] AndroidManifest.xml:26:5-32:19
MERGED from [com.google.firebase:firebase-analytics:16.0.4] AndroidManifest.xml:28:5-53:19
MERGED from [com.google.firebase:firebase-analytics:16.0.4] AndroidManifest.xml:28:5-53:19
MERGED from [com.google.android.gms:play-services-measurement-api:16.0.2] AndroidManifest.xml:22:5-23:19
MERGED from [com.google.android.gms:play-services-measurement-api:16.0.2] AndroidManifest.xml:22:5-23:19
MERGED from [com.google.firebase:firebase-analytics-impl:16.2.2] AndroidManifest.xml:28:5-38:19
MERGED from [com.google.firebase:firebase-analytics-impl:16.2.2] AndroidManifest.xml:28:5-38:19
MERGED from [com.google.firebase:firebase-iid:17.0.4] AndroidManifest.xml:28:5-57:19
MERGED from [com.google.firebase:firebase-iid:17.0.4] AndroidManifest.xml:28:5-57:19
MERGED from [com.google.firebase:firebase-common:16.0.3] AndroidManifest.xml:9:5-15:19
MERGED from [com.google.firebase:firebase-common:16.0.3] AndroidManifest.xml:9:5-15:19
MERGED from [com.google.firebase:firebase-iid-interop:16.0.1] AndroidManifest.xml:7:5-8:19
MERGED from [com.google.firebase:firebase-iid-interop:16.0.1] AndroidManifest.xml:7:5-8:19
MERGED from [com.google.android.gms:play-services-base:16.0.1] AndroidManifest.xml:22:5-27:19
MERGED from [com.google.android.gms:play-services-base:16.0.1] AndroidManifest.xml:22:5-27:19
MERGED from [com.google.android.gms:play-services-tasks:16.0.1] AndroidManifest.xml:7:5-20
MERGED from [com.google.android.gms:play-services-tasks:16.0.1] AndroidManifest.xml:7:5-20
MERGED from [com.google.firebase:firebase-measurement-connector:17.0.1] AndroidManifest.xml:22:5-23:19
MERGED from [com.google.firebase:firebase-measurement-connector:17.0.1] AndroidManifest.xml:22:5-23:19
MERGED from [com.google.android.gms:play-services-stats:16.0.1] AndroidManifest.xml:7:5-20
MERGED from [com.google.android.gms:play-services-stats:16.0.1] AndroidManifest.xml:7:5-20
MERGED from [com.google.android.gms:play-services-ads-identifier:16.0.0] AndroidManifest.xml:22:5-20
MERGED from [com.google.android.gms:play-services-ads-identifier:16.0.0] AndroidManifest.xml:22:5-20
MERGED from [com.google.android.gms:play-services-basement:16.0.1] AndroidManifest.xml:22:5-26:19
MERGED from [com.google.android.gms:play-services-basement:16.0.1] AndroidManifest.xml:22:5-26:19
MERGED from [com.android.volley:volley:1.1.0] AndroidManifest.xml:9:5-20
MERGED from [com.android.volley:volley:1.1.0] AndroidManifest.xml:9:5-20
MERGED from [com.android.support.constraint:constraint-layout:1.1.0] AndroidManifest.xml:9:5-20
MERGED from [com.android.support.constraint:constraint-layout:1.1.0] AndroidManifest.xml:9:5-20
MERGED from [com.getbase:floatingactionbutton:1.10.1] AndroidManifest.xml:12:5-20
MERGED from [com.getbase:floatingactionbutton:1.10.1] AndroidManifest.xml:12:5-20
MERGED from [com.facebook.stetho:stetho-okhttp3:1.5.0] AndroidManifest.xml:11:5-20
MERGED from [com.facebook.stetho:stetho-okhttp3:1.5.0] AndroidManifest.xml:11:5-20
MERGED from [com.facebook.stetho:stetho:1.5.0] AndroidManifest.xml:11:5-20
MERGED from [com.facebook.stetho:stetho:1.5.0] AndroidManifest.xml:11:5-20
MERGED from [com.github.bumptech.glide:glide:4.7.1] AndroidManifest.xml:11:5-20
MERGED from [com.github.bumptech.glide:glide:4.7.1] AndroidManifest.xml:11:5-20
MERGED from [:matrix-sdk:] AndroidManifest.xml:28:5-30:19
MERGED from [:matrix-sdk:] AndroidManifest.xml:28:5-30:19
MERGED from [:olm-sdk:] AndroidManifest.xml:11:5-14:19
MERGED from [:olm-sdk:] AndroidManifest.xml:11:5-14:19
MERGED from [com.facebook.soloader:soloader:0.1.0] AndroidManifest.xml:3:3-17
MERGED from [com.facebook.soloader:soloader:0.1.0] AndroidManifest.xml:3:3-17
MERGED from [org.webkit:android-jsc:r174650] AndroidManifest.xml:2:3-17
MERGED from [org.webkit:android-jsc:r174650] AndroidManifest.xml:2:3-17
MERGED from [:jitsi-sdk:] AndroidManifest.xml:29:5-34:19
MERGED from [:jitsi-sdk:] AndroidManifest.xml:29:5-34:19
MERGED from [:react-native-fetch-blob:] AndroidManifest.xml:11:5-12:19
MERGED from [:react-native-fetch-blob:] AndroidManifest.xml:11:5-12:19
MERGED from [:react-native:] AndroidManifest.xml:13:5-20
MERGED from [:react-native:] AndroidManifest.xml:13:5-20
MERGED from [org.piwik.sdk:piwik-sdk:2.0.0] AndroidManifest.xml:15:5-26:19
MERGED from [org.piwik.sdk:piwik-sdk:2.0.0] AndroidManifest.xml:15:5-26:19
MERGED from [com.github.bumptech.glide:gifdecoder:4.7.1] AndroidManifest.xml:9:5-20
MERGED from [com.github.bumptech.glide:gifdecoder:4.7.1] AndroidManifest.xml:9:5-20
MERGED from [com.jakewharton.timber:timber:4.5.1] AndroidManifest.xml:8:5-20
MERGED from [com.jakewharton.timber:timber:4.5.1] AndroidManifest.xml:8:5-20
MERGED from [com.google.android.gms:play-services-measurement-base:16.0.3] AndroidManifest.xml:7:5-20
MERGED from [com.google.android.gms:play-services-measurement-base:16.0.3] AndroidManifest.xml:7:5-20
	android:supportsRtl
		ADDED from src\main\AndroidManifest.xml:91:9-35
		ADDED from src\main\AndroidManifest.xml:91:9-35
	android:label
		ADDED from src\main\AndroidManifest.xml:87:9-46
		ADDED from src\main\AndroidManifest.xml:87:9-46
		REJECTED from [:olm-sdk:] AndroidManifest.xml:13:9-41
		REJECTED from [:jitsi-sdk:] AndroidManifest.xml:31:9-41
		REJECTED from [:react-native-fetch-blob:] AndroidManifest.xml:11:18-50
	android:resizeableActivity
		ADDED from src\main\AndroidManifest.xml:89:9-42
		ADDED from src\main\AndroidManifest.xml:89:9-42
	android:roundIcon
		ADDED from src\main\AndroidManifest.xml:90:9-54
		ADDED from src\main\AndroidManifest.xml:90:9-54
	android:largeHeap
		ADDED from src\main\AndroidManifest.xml:88:9-33
		ADDED from src\main\AndroidManifest.xml:88:9-33
	android:icon
		ADDED from src\main\AndroidManifest.xml:86:9-43
		ADDED from src\main\AndroidManifest.xml:86:9-43
	android:allowBackup
		ADDED from src\main\AndroidManifest.xml:84:9-36
		ADDED from src\main\AndroidManifest.xml:84:9-36
		REJECTED from [:olm-sdk:] AndroidManifest.xml:12:9-35